2026-06-21T11:46:08.343+05:30  INFO 8704 --- [trendora] [main] c.project.trendora.TrendoraApplication   : Starting TrendoraApplication using Java 21.0.11 with PID 8704 (/home/nikhilrana07/Documents/Boot_Projects/trendora/target/classes started by nikhilrana07 in /home/nikhilrana07/Documents/Boot_Projects/trendora)
2026-06-21T11:46:08.346+05:30 DEBUG 8704 --- [trendora] [main] c.project.trendora.TrendoraApplication   : Running with Spring Boot v3.5.15, Spring v6.2.19
2026-06-21T11:46:08.347+05:30  INFO 8704 --- [trendora] [main] c.project.trendora.TrendoraApplication   : No active profile set, falling back to 1 default profile: "default"
2026-06-21T11:46:09.173+05:30  INFO 8704 --- [trendora] [main] .s.d.r.c.RepositoryConfigurationDelegate : Bootstrapping Spring Data JPA repositories in DEFAULT mode.
2026-06-21T11:46:09.254+05:30  INFO 8704 --- [trendora] [main] .s.d.r.c.RepositoryConfigurationDelegate : Finished Spring Data repository scanning in 70 ms. Found 5 JPA repository interfaces.
2026-06-21T11:46:09.763+05:30  INFO 8704 --- [trendora] [main] o.s.b.w.embedded.tomcat.TomcatWebServer  : Tomcat initialized with port 8080 (http)
2026-06-21T11:46:09.778+05:30  INFO 8704 --- [trendora] [main] o.apache.catalina.core.StandardService   : Starting service [Tomcat]
2026-06-21T11:46:09.779+05:30  INFO 8704 --- [trendora] [main] o.apache.catalina.core.StandardEngine    : Starting Servlet engine: [Apache Tomcat/10.1.55]
2026-06-21T11:46:09.817+05:30  INFO 8704 --- [trendora] [main] o.a.c.c.C.[Tomcat].[localhost].[/]       : Initializing Spring embedded WebApplicationContext
2026-06-21T11:46:09.818+05:30  INFO 8704 --- [trendora] [main] w.s.c.ServletWebServerApplicationContext : Root WebApplicationContext: initialization completed in 1395 ms
2026-06-21T11:46:09.990+05:30  INFO 8704 --- [trendora] [main] o.hibernate.jpa.internal.util.LogHelper  : HHH000204: Processing PersistenceUnitInfo [name: default]
2026-06-21T11:46:10.051+05:30  INFO 8704 --- [trendora] [main] org.hibernate.Version                    : HHH000412: Hibernate ORM core version 6.6.53.Final
2026-06-21T11:46:10.087+05:30  INFO 8704 --- [trendora] [main] o.h.c.internal.RegionFactoryInitiator    : HHH000026: Second-level cache disabled
2026-06-21T11:46:10.347+05:30  INFO 8704 --- [trendora] [main] o.s.o.j.p.SpringPersistenceUnitInfo      : No LoadTimeWeaver setup: ignoring JPA class transformer
2026-06-21T11:46:10.375+05:30  INFO 8704 --- [trendora] [main] com.zaxxer.hikari.HikariDataSource       : HikariPool-1 - Starting...
2026-06-21T11:46:10.750+05:30  INFO 8704 --- [trendora] [main] com.zaxxer.hikari.pool.HikariPool        : HikariPool-1 - Added connection com.mysql.cj.jdbc.ConnectionImpl@31006a75
2026-06-21T11:46:10.751+05:30  INFO 8704 --- [trendora] [main] com.zaxxer.hikari.HikariDataSource       : HikariPool-1 - Start completed.
2026-06-21T11:46:10.794+05:30  WARN 8704 --- [trendora] [main] org.hibernate.orm.deprecation            : HHH90000025: MySQLDialect does not need to be specified explicitly using 'hibernate.dialect' (remove the property setting and it will be selected by default)
2026-06-21T11:46:10.811+05:30  INFO 8704 --- [trendora] [main] org.hibernate.orm.connections.pooling    : HHH10001005: Database info:
	Database JDBC URL [Connecting through datasource 'HikariDataSource (HikariPool-1)']
	Database driver: undefined/unknown
	Database version: 8.0.46
	Autocommit mode: undefined/unknown
	Isolation level: undefined/unknown
	Minimum pool size: undefined/unknown
	Maximum pool size: undefined/unknown
2026-06-21T11:46:11.776+05:30  INFO 8704 --- [trendora] [main] o.h.e.t.j.p.i.JtaPlatformInitiator       : HHH000489: No JTA platform available (set 'hibernate.transaction.jta.platform' to enable JTA platform integration)
2026-06-21T11:46:11.902+05:30  INFO 8704 --- [trendora] [main] j.LocalContainerEntityManagerFactoryBean : Initialized JPA EntityManagerFactory for persistence unit 'default'
2026-06-21T11:46:12.408+05:30  WARN 8704 --- [trendora] [main] JpaBaseConfiguration$JpaWebConfiguration : spring.jpa.open-in-view is enabled by default. Therefore, database queries may be performed during view rendering. Explicitly configure spring.jpa.open-in-view to disable this warning
2026-06-21T11:46:12.749+05:30  INFO 8704 --- [trendora] [main] o.s.b.w.embedded.tomcat.TomcatWebServer  : Tomcat started on port 8080 (http) with context path '/'
2026-06-21T11:46:12.773+05:30  INFO 8704 --- [trendora] [main] c.project.trendora.TrendoraApplication   : Started TrendoraApplication in 5.249 seconds (process running for 5.772)
2026-06-21T11:47:02.427+05:30  INFO 8704 --- [trendora] [http-nio-8080-exec-1] o.a.c.c.C.[Tomcat].[localhost].[/]       : Initializing Spring DispatcherServlet 'dispatcherServlet'
2026-06-21T11:47:02.428+05:30  INFO 8704 --- [trendora] [http-nio-8080-exec-1] o.s.web.servlet.DispatcherServlet        : Initializing Servlet 'dispatcherServlet'
2026-06-21T11:47:02.432+05:30  INFO 8704 --- [trendora] [http-nio-8080-exec-1] o.s.web.servlet.DispatcherServlet        : Completed initialization in 3 ms
2026-06-21T11:47:02.483+05:30 ERROR 8704 --- [trendora] [http-nio-8080-exec-1] c.p.t.exceptions.GlobalExceptionHandler  : Unexpected exception occurred

org.springframework.http.converter.HttpMessageNotReadableException: Required request body is missing: public org.springframework.http.ResponseEntity<java.lang.String> com.project.trendora.controller.CartController.addToCart(com.project.trendora.dto.AddToCartRequest)
	at org.springframework.web.servlet.mvc.method.annotation.RequestResponseBodyMethodProcessor.readWithMessageConverters(RequestResponseBodyMethodProcessor.java:179) ~[spring-webmvc-6.2.19.jar:6.2.19]
	at org.springframework.web.servlet.mvc.method.annotation.RequestResponseBodyMethodProcessor.resolveArgument(RequestResponseBodyMethodProcessor.java:150) ~[spring-webmvc-6.2.19.jar:6.2.19]
	at org.springframework.web.method.support.HandlerMethodArgumentResolverComposite.resolveArgument(HandlerMethodArgumentResolverComposite.java:122) ~[spring-web-6.2.19.jar:6.2.19]
	at org.springframework.web.method.support.InvocableHandlerMethod.getMethodArgumentValues(InvocableHandlerMethod.java:227) ~[spring-web-6.2.19.jar:6.2.19]
	at org.springframework.web.method.support.InvocableHandlerMethod.invokeForRequest(InvocableHandlerMethod.java:181) ~[spring-web-6.2.19.jar:6.2.19]
	at org.springframework.web.servlet.mvc.method.annotation.ServletInvocableHandlerMethod.invokeAndHandle(ServletInvocableHandlerMethod.java:118) ~[spring-webmvc-6.2.19.jar:6.2.19]
	at org.springframework.web.servlet.mvc.method.annotation.RequestMappingHandlerAdapter.invokeHandlerMethod(RequestMappingHandlerAdapter.java:991) ~[spring-webmvc-6.2.19.jar:6.2.19]
	at org.springframework.web.servlet.mvc.method.annotation.RequestMappingHandlerAdapter.handleInternal(RequestMappingHandlerAdapter.java:896) ~[spring-webmvc-6.2.19.jar:6.2.19]
	at org.springframework.web.servlet.mvc.method.AbstractHandlerMethodAdapter.handle(AbstractHandlerMethodAdapter.java:87) ~[spring-webmvc-6.2.19.jar:6.2.19]
	at org.springframework.web.servlet.DispatcherServlet.doDispatch(DispatcherServlet.java:1089) ~[spring-webmvc-6.2.19.jar:6.2.19]
	at org.springframework.web.servlet.DispatcherServlet.doService(DispatcherServlet.java:979) ~[spring-webmvc-6.2.19.jar:6.2.19]
	at org.springframework.web.servlet.FrameworkServlet.processRequest(FrameworkServlet.java:1014) ~[spring-webmvc-6.2.19.jar:6.2.19]
	at org.springframework.web.servlet.FrameworkServlet.doPost(FrameworkServlet.java:914) ~[spring-webmvc-6.2.19.jar:6.2.19]
	at jakarta.servlet.http.HttpServlet.service(HttpServlet.java:590) ~[tomcat-embed-core-10.1.55.jar:6.0]
	at org.springframework.web.servlet.FrameworkServlet.service(FrameworkServlet.java:885) ~[spring-webmvc-6.2.19.jar:6.2.19]
	at jakarta.servlet.http.HttpServlet.service(HttpServlet.java:658) ~[tomcat-embed-core-10.1.55.jar:6.0]
	at org.apache.catalina.core.ApplicationFilterChain.internalDoFilter(ApplicationFilterChain.java:193) ~[tomcat-embed-core-10.1.55.jar:10.1.55]
	at org.apache.catalina.core.ApplicationFilterChain.doFilter(ApplicationFilterChain.java:138) ~[tomcat-embed-core-10.1.55.jar:10.1.55]
	at org.apache.tomcat.websocket.server.WsFilter.doFilter(WsFilter.java:51) ~[tomcat-embed-websocket-10.1.55.jar:10.1.55]
	at org.apache.catalina.core.ApplicationFilterChain.internalDoFilter(ApplicationFilterChain.java:162) ~[tomcat-embed-core-10.1.55.jar:10.1.55]
	at org.apache.catalina.core.ApplicationFilterChain.doFilter(ApplicationFilterChain.java:138) ~[tomcat-embed-core-10.1.55.jar:10.1.55]
	at org.springframework.web.filter.RequestContextFilter.doFilterInternal(RequestContextFilter.java:100) ~[spring-web-6.2.19.jar:6.2.19]
	at org.springframework.web.filter.OncePerRequestFilter.doFilter(OncePerRequestFilter.java:116) ~[spring-web-6.2.19.jar:6.2.19]
	at org.apache.catalina.core.ApplicationFilterChain.internalDoFilter(ApplicationFilterChain.java:162) ~[tomcat-embed-core-10.1.55.jar:10.1.55]
	at org.apache.catalina.core.ApplicationFilterChain.doFilter(ApplicationFilterChain.java:138) ~[tomcat-embed-core-10.1.55.jar:10.1.55]
	at org.springframework.web.filter.FormContentFilter.doFilterInternal(FormContentFilter.java:93) ~[spring-web-6.2.19.jar:6.2.19]
	at org.springframework.web.filter.OncePerRequestFilter.doFilter(OncePerRequestFilter.java:116) ~[spring-web-6.2.19.jar:6.2.19]
	at org.apache.catalina.core.ApplicationFilterChain.internalDoFilter(ApplicationFilterChain.java:162) ~[tomcat-embed-core-10.1.55.jar:10.1.55]
	at org.apache.catalina.core.ApplicationFilterChain.doFilter(ApplicationFilterChain.java:138) ~[tomcat-embed-core-10.1.55.jar:10.1.55]
	at org.springframework.web.filter.CharacterEncodingFilter.doFilterInternal(CharacterEncodingFilter.java:201) ~[spring-web-6.2.19.jar:6.2.19]
	at org.springframework.web.filter.OncePerRequestFilter.doFilter(OncePerRequestFilter.java:116) ~[spring-web-6.2.19.jar:6.2.19]
	at org.apache.catalina.core.ApplicationFilterChain.internalDoFilter(ApplicationFilterChain.java:162) ~[tomcat-embed-core-10.1.55.jar:10.1.55]
	at org.apache.catalina.core.ApplicationFilterChain.doFilter(ApplicationFilterChain.java:138) ~[tomcat-embed-core-10.1.55.jar:10.1.55]
	at org.apache.catalina.core.StandardWrapperValve.invoke(StandardWrapperValve.java:165) ~[tomcat-embed-core-10.1.55.jar:10.1.55]
	at org.apache.catalina.core.StandardContextValve.invoke(StandardContextValve.java:88) ~[tomcat-embed-core-10.1.55.jar:10.1.55]
	at org.apache.catalina.authenticator.AuthenticatorBase.invoke(AuthenticatorBase.java:492) ~[tomcat-embed-core-10.1.55.jar:10.1.55]
	at org.apache.catalina.core.StandardHostValve.invoke(StandardHostValve.java:113) ~[tomcat-embed-core-10.1.55.jar:10.1.55]
	at org.apache.catalina.valves.ErrorReportValve.invoke(ErrorReportValve.java:83) ~[tomcat-embed-core-10.1.55.jar:10.1.55]
	at org.apache.catalina.core.StandardEngineValve.invoke(StandardEngineValve.java:72) ~[tomcat-embed-core-10.1.55.jar:10.1.55]
	at org.apache.catalina.connector.CoyoteAdapter.service(CoyoteAdapter.java:342) ~[tomcat-embed-core-10.1.55.jar:10.1.55]
	at org.apache.coyote.http11.Http11Processor.service(Http11Processor.java:399) ~[tomcat-embed-core-10.1.55.jar:10.1.55]
	at org.apache.coyote.AbstractProcessorLight.process(AbstractProcessorLight.java:63) ~[tomcat-embed-core-10.1.55.jar:10.1.55]
	at org.apache.coyote.AbstractProtocol$ConnectionHandler.process(AbstractProtocol.java:1272) ~[tomcat-embed-core-10.1.55.jar:10.1.55]
	at org.apache.tomcat.util.net.NioEndpoint$SocketProcessor.doRun(NioEndpoint.java:1797) ~[tomcat-embed-core-10.1.55.jar:10.1.55]
	at org.apache.tomcat.util.net.SocketProcessorBase.run(SocketProcessorBase.java:52) ~[tomcat-embed-core-10.1.55.jar:10.1.55]
	at org.apache.tomcat.util.threads.ThreadPoolExecutor.runWorker(ThreadPoolExecutor.java:973) ~[tomcat-embed-core-10.1.55.jar:10.1.55]
	at org.apache.tomcat.util.threads.ThreadPoolExecutor$Worker.run(ThreadPoolExecutor.java:491) ~[tomcat-embed-core-10.1.55.jar:10.1.55]
	at org.apache.tomcat.util.threads.TaskThread$WrappingRunnable.run(TaskThread.java:63) ~[tomcat-embed-core-10.1.55.jar:10.1.55]
	at java.base/java.lang.Thread.run(Thread.java:1583) ~[na:na]

2026-06-21T11:47:18.875+05:30  INFO 8704 --- [trendora] [SpringApplicationShutdownHook] o.s.b.w.e.tomcat.GracefulShutdown        : Commencing graceful shutdown. Waiting for active requests to complete
2026-06-21T11:47:18.878+05:30  INFO 8704 --- [trendora] [tomcat-shutdown] o.s.b.w.e.tomcat.GracefulShutdown        : Graceful shutdown complete
2026-06-21T11:47:18.881+05:30  INFO 8704 --- [trendora] [SpringApplicationShutdownHook] j.LocalContainerEntityManagerFactoryBean : Closing JPA EntityManagerFactory for persistence unit 'default'
2026-06-21T11:47:18.884+05:30  INFO 8704 --- [trendora] [SpringApplicationShutdownHook] com.zaxxer.hikari.HikariDataSource       : HikariPool-1 - Shutdown initiated...
2026-06-21T11:47:18.891+05:30  INFO 8704 --- [trendora] [SpringApplicationShutdownHook] com.zaxxer.hikari.HikariDataSource       : HikariPool-1 - Shutdown completed.
2026-06-21T15:10:40.053+05:30  INFO 6715 --- [trendora] [main] c.project.trendora.TrendoraApplication   : Starting TrendoraApplication using Java 21.0.11 with PID 6715 (/home/nikhilrana07/Documents/Boot_Projects/trendora/target/classes started by nikhilrana07 in /home/nikhilrana07/Documents/Boot_Projects/trendora)
2026-06-21T15:10:40.055+05:30 DEBUG 6715 --- [trendora] [main] c.project.trendora.TrendoraApplication   : Running with Spring Boot v3.5.15, Spring v6.2.19
2026-06-21T15:10:40.057+05:30  INFO 6715 --- [trendora] [main] c.project.trendora.TrendoraApplication   : No active profile set, falling back to 1 default profile: "default"
2026-06-21T15:10:40.985+05:30  INFO 6715 --- [trendora] [main] .s.d.r.c.RepositoryConfigurationDelegate : Bootstrapping Spring Data JPA repositories in DEFAULT mode.
2026-06-21T15:10:41.072+05:30  INFO 6715 --- [trendora] [main] .s.d.r.c.RepositoryConfigurationDelegate : Finished Spring Data repository scanning in 75 ms. Found 5 JPA repository interfaces.
2026-06-21T15:10:41.784+05:30  INFO 6715 --- [trendora] [main] o.s.b.w.embedded.tomcat.TomcatWebServer  : Tomcat initialized with port 8080 (http)
2026-06-21T15:10:41.802+05:30  INFO 6715 --- [trendora] [main] o.apache.catalina.core.StandardService   : Starting service [Tomcat]
2026-06-21T15:10:41.803+05:30  INFO 6715 --- [trendora] [main] o.apache.catalina.core.StandardEngine    : Starting Servlet engine: [Apache Tomcat/10.1.55]
2026-06-21T15:10:41.850+05:30  INFO 6715 --- [trendora] [main] o.a.c.c.C.[Tomcat].[localhost].[/]       : Initializing Spring embedded WebApplicationContext
2026-06-21T15:10:41.851+05:30  INFO 6715 --- [trendora] [main] w.s.c.ServletWebServerApplicationContext : Root WebApplicationContext: initialization completed in 1733 ms
2026-06-21T15:10:42.112+05:30  INFO 6715 --- [trendora] [main] o.hibernate.jpa.internal.util.LogHelper  : HHH000204: Processing PersistenceUnitInfo [name: default]
2026-06-21T15:10:42.168+05:30  INFO 6715 --- [trendora] [main] org.hibernate.Version                    : HHH000412: Hibernate ORM core version 6.6.53.Final
2026-06-21T15:10:42.208+05:30  INFO 6715 --- [trendora] [main] o.h.c.internal.RegionFactoryInitiator    : HHH000026: Second-level cache disabled
2026-06-21T15:10:42.517+05:30  INFO 6715 --- [trendora] [main] o.s.o.j.p.SpringPersistenceUnitInfo      : No LoadTimeWeaver setup: ignoring JPA class transformer
2026-06-21T15:10:42.546+05:30  INFO 6715 --- [trendora] [main] com.zaxxer.hikari.HikariDataSource       : HikariPool-1 - Starting...
2026-06-21T15:10:42.926+05:30  INFO 6715 --- [trendora] [main] com.zaxxer.hikari.pool.HikariPool        : HikariPool-1 - Added connection com.mysql.cj.jdbc.ConnectionImpl@1c0e4262
2026-06-21T15:10:42.929+05:30  INFO 6715 --- [trendora] [main] com.zaxxer.hikari.HikariDataSource       : HikariPool-1 - Start completed.
2026-06-21T15:10:42.979+05:30  WARN 6715 --- [trendora] [main] org.hibernate.orm.deprecation            : HHH90000025: MySQLDialect does not need to be specified explicitly using 'hibernate.dialect' (remove the property setting and it will be selected by default)
2026-06-21T15:10:42.996+05:30  INFO 6715 --- [trendora] [main] org.hibernate.orm.connections.pooling    : HHH10001005: Database info:
	Database JDBC URL [Connecting through datasource 'HikariDataSource (HikariPool-1)']
	Database driver: undefined/unknown
	Database version: 8.0.46
	Autocommit mode: undefined/unknown
	Isolation level: undefined/unknown
	Minimum pool size: undefined/unknown
	Maximum pool size: undefined/unknown
2026-06-21T15:10:44.172+05:30  INFO 6715 --- [trendora] [main] o.h.e.t.j.p.i.JtaPlatformInitiator       : HHH000489: No JTA platform available (set 'hibernate.transaction.jta.platform' to enable JTA platform integration)
2026-06-21T15:10:44.300+05:30  INFO 6715 --- [trendora] [main] j.LocalContainerEntityManagerFactoryBean : Initialized JPA EntityManagerFactory for persistence unit 'default'
2026-06-21T15:10:44.796+05:30  WARN 6715 --- [trendora] [main] JpaBaseConfiguration$JpaWebConfiguration : spring.jpa.open-in-view is enabled by default. Therefore, database queries may be performed during view rendering. Explicitly configure spring.jpa.open-in-view to disable this warning
2026-06-21T15:10:44.990+05:30  WARN 6715 --- [trendora] [main] .s.s.UserDetailsServiceAutoConfiguration : 

Using generated security password: 194b0d05-d713-423a-b18d-31d9fccae0ee

This generated password is for development use only. Your security configuration must be updated before running your application in production.

2026-06-21T15:10:44.997+05:30  INFO 6715 --- [trendora] [main] r$InitializeUserDetailsManagerConfigurer : Global AuthenticationManager configured with UserDetailsService bean with name inMemoryUserDetailsManager
2026-06-21T15:10:45.391+05:30  INFO 6715 --- [trendora] [main] o.s.b.w.embedded.tomcat.TomcatWebServer  : Tomcat started on port 8080 (http) with context path '/'
2026-06-21T15:10:45.404+05:30  INFO 6715 --- [trendora] [main] c.project.trendora.TrendoraApplication   : Started TrendoraApplication in 6.192 seconds (process running for 7.104)
2026-06-21T15:12:06.253+05:30  INFO 6715 --- [trendora] [http-nio-8080-exec-1] o.a.c.c.C.[Tomcat].[localhost].[/]       : Initializing Spring DispatcherServlet 'dispatcherServlet'
2026-06-21T15:12:06.254+05:30  INFO 6715 --- [trendora] [http-nio-8080-exec-1] o.s.web.servlet.DispatcherServlet        : Initializing Servlet 'dispatcherServlet'
2026-06-21T15:12:06.257+05:30  INFO 6715 --- [trendora] [http-nio-8080-exec-1] o.s.web.servlet.DispatcherServlet        : Completed initialization in 2 ms
2026-06-21T15:13:44.045+05:30  INFO 6715 --- [trendora] [SpringApplicationShutdownHook] o.s.b.w.e.tomcat.GracefulShutdown        : Commencing graceful shutdown. Waiting for active requests to complete
2026-06-21T15:13:44.060+05:30  INFO 6715 --- [trendora] [tomcat-shutdown] o.s.b.w.e.tomcat.GracefulShutdown        : Graceful shutdown complete
2026-06-21T15:13:44.072+05:30  INFO 6715 --- [trendora] [SpringApplicationShutdownHook] j.LocalContainerEntityManagerFactoryBean : Closing JPA EntityManagerFactory for persistence unit 'default'
2026-06-21T15:13:44.077+05:30  INFO 6715 --- [trendora] [SpringApplicationShutdownHook] com.zaxxer.hikari.HikariDataSource       : HikariPool-1 - Shutdown initiated...
2026-06-21T15:13:44.090+05:30  INFO 6715 --- [trendora] [SpringApplicationShutdownHook] com.zaxxer.hikari.HikariDataSource       : HikariPool-1 - Shutdown completed.
2026-06-21T15:13:48.460+05:30  INFO 7336 --- [trendora] [main] c.project.trendora.TrendoraApplication   : Starting TrendoraApplication using Java 21.0.11 with PID 7336 (/home/nikhilrana07/Documents/Boot_Projects/trendora/target/classes started by nikhilrana07 in /home/nikhilrana07/Documents/Boot_Projects/trendora)
2026-06-21T15:13:48.464+05:30 DEBUG 7336 --- [trendora] [main] c.project.trendora.TrendoraApplication   : Running with Spring Boot v3.5.15, Spring v6.2.19
2026-06-21T15:13:48.465+05:30  INFO 7336 --- [trendora] [main] c.project.trendora.TrendoraApplication   : No active profile set, falling back to 1 default profile: "default"
2026-06-21T15:13:49.566+05:30  INFO 7336 --- [trendora] [main] .s.d.r.c.RepositoryConfigurationDelegate : Bootstrapping Spring Data JPA repositories in DEFAULT mode.
2026-06-21T15:13:49.672+05:30  INFO 7336 --- [trendora] [main] .s.d.r.c.RepositoryConfigurationDelegate : Finished Spring Data repository scanning in 92 ms. Found 5 JPA repository interfaces.
2026-06-21T15:13:50.531+05:30  INFO 7336 --- [trendora] [main] o.s.b.w.embedded.tomcat.TomcatWebServer  : Tomcat initialized with port 8080 (http)
2026-06-21T15:13:50.557+05:30  INFO 7336 --- [trendora] [main] o.apache.catalina.core.StandardService   : Starting service [Tomcat]
2026-06-21T15:13:50.557+05:30  INFO 7336 --- [trendora] [main] o.apache.catalina.core.StandardEngine    : Starting Servlet engine: [Apache Tomcat/10.1.55]
2026-06-21T15:13:50.608+05:30  INFO 7336 --- [trendora] [main] o.a.c.c.C.[Tomcat].[localhost].[/]       : Initializing Spring embedded WebApplicationContext
2026-06-21T15:13:50.609+05:30  INFO 7336 --- [trendora] [main] w.s.c.ServletWebServerApplicationContext : Root WebApplicationContext: initialization completed in 2020 ms
2026-06-21T15:13:50.910+05:30  INFO 7336 --- [trendora] [main] o.hibernate.jpa.internal.util.LogHelper  : HHH000204: Processing PersistenceUnitInfo [name: default]
2026-06-21T15:13:50.986+05:30  INFO 7336 --- [trendora] [main] org.hibernate.Version                    : HHH000412: Hibernate ORM core version 6.6.53.Final
2026-06-21T15:13:51.040+05:30  INFO 7336 --- [trendora] [main] o.h.c.internal.RegionFactoryInitiator    : HHH000026: Second-level cache disabled
2026-06-21T15:13:51.401+05:30  INFO 7336 --- [trendora] [main] o.s.o.j.p.SpringPersistenceUnitInfo      : No LoadTimeWeaver setup: ignoring JPA class transformer
2026-06-21T15:13:51.432+05:30  INFO 7336 --- [trendora] [main] com.zaxxer.hikari.HikariDataSource       : HikariPool-1 - Starting...
2026-06-21T15:13:52.038+05:30  INFO 7336 --- [trendora] [main] com.zaxxer.hikari.pool.HikariPool        : HikariPool-1 - Added connection com.mysql.cj.jdbc.ConnectionImpl@7079f8f0
2026-06-21T15:13:52.041+05:30  INFO 7336 --- [trendora] [main] com.zaxxer.hikari.HikariDataSource       : HikariPool-1 - Start completed.
2026-06-21T15:13:52.109+05:30  WARN 7336 --- [trendora] [main] org.hibernate.orm.deprecation            : HHH90000025: MySQLDialect does not need to be specified explicitly using 'hibernate.dialect' (remove the property setting and it will be selected by default)
2026-06-21T15:13:52.135+05:30  INFO 7336 --- [trendora] [main] org.hibernate.orm.connections.pooling    : HHH10001005: Database info:
	Database JDBC URL [Connecting through datasource 'HikariDataSource (HikariPool-1)']
	Database driver: undefined/unknown
	Database version: 8.0.46
	Autocommit mode: undefined/unknown
	Isolation level: undefined/unknown
	Minimum pool size: undefined/unknown
	Maximum pool size: undefined/unknown
2026-06-21T15:13:53.360+05:30  INFO 7336 --- [trendora] [main] o.h.e.t.j.p.i.JtaPlatformInitiator       : HHH000489: No JTA platform available (set 'hibernate.transaction.jta.platform' to enable JTA platform integration)
2026-06-21T15:13:53.476+05:30  INFO 7336 --- [trendora] [main] j.LocalContainerEntityManagerFactoryBean : Initialized JPA EntityManagerFactory for persistence unit 'default'
2026-06-21T15:13:54.082+05:30  WARN 7336 --- [trendora] [main] JpaBaseConfiguration$JpaWebConfiguration : spring.jpa.open-in-view is enabled by default. Therefore, database queries may be performed during view rendering. Explicitly configure spring.jpa.open-in-view to disable this warning
2026-06-21T15:13:54.351+05:30  WARN 7336 --- [trendora] [main] .s.s.UserDetailsServiceAutoConfiguration : 

Using generated security password: fff2d435-faaf-4edc-afed-b925fcddf6f7

This generated password is for development use only. Your security configuration must be updated before running your application in production.

2026-06-21T15:13:54.361+05:30  INFO 7336 --- [trendora] [main] r$InitializeUserDetailsManagerConfigurer : Global AuthenticationManager configured with UserDetailsService bean with name inMemoryUserDetailsManager
2026-06-21T15:13:54.954+05:30  INFO 7336 --- [trendora] [main] o.s.b.w.embedded.tomcat.TomcatWebServer  : Tomcat started on port 8080 (http) with context path '/'
2026-06-21T15:13:54.974+05:30  INFO 7336 --- [trendora] [main] c.project.trendora.TrendoraApplication   : Started TrendoraApplication in 7.536 seconds (process running for 8.274)
2026-06-21T15:14:04.945+05:30  INFO 7336 --- [trendora] [http-nio-8080-exec-1] o.a.c.c.C.[Tomcat].[localhost].[/]       : Initializing Spring DispatcherServlet 'dispatcherServlet'
2026-06-21T15:14:04.945+05:30  INFO 7336 --- [trendora] [http-nio-8080-exec-1] o.s.web.servlet.DispatcherServlet        : Initializing Servlet 'dispatcherServlet'
2026-06-21T15:14:04.947+05:30  INFO 7336 --- [trendora] [http-nio-8080-exec-1] o.s.web.servlet.DispatcherServlet        : Completed initialization in 1 ms
2026-06-21T15:14:10.870+05:30  WARN 7336 --- [trendora] [http-nio-8080-exec-7] .w.s.m.s.DefaultHandlerExceptionResolver : Resolved [org.springframework.web.HttpRequestMethodNotSupportedException: Request method 'GET' is not supported]
